 0000           cpu "8085.tbl"
 0000           hof "int8"
                
 9000           org 9000h
                
 9000 010000    LXI B, 0000H
 9003 2A4088    LHLD 8840h
 9006 EB        XCHG
 9007 2A4288    LHLD 8842h
 900A           LBL2:
 900A 7D        MOV A, L
 900B 93        SUB E
 900C 6F        MOV L, A
 900D 7C        MOV A, H
 900E 9A        SBB D
 900F 67        MOV H, A
 9010 DA1790    JC LBL
 9013 03        INX B
 9014 C30A90    JMP LBL2
 9017           LBL:
 9017 19        DAD D
 9018 220089    SHLD 8900h
 901B 69        MOV L, C
 901C 60        MOV H, B
 901D 220289    SHLD 8902h
                
 9020 EF        RST 5
 9021           	END
0007  A                    0000  B                    0001  C             
0002  D                    0003  E                    0004  H             
0005  L                    9017  LBL                  900A  LBL2          
0006  M                    
