 0000           cpu "8085.tbl"
 0000           hof "int8"
                
 9000           org 9000h
                
 9000 2A4088    LHLD 8840h
 9003 F9        SPHL
 9004 2A4288    LHLD 8842h
 9007 EB        XCHG
 9008 210000    LXI H, 0000H
 900B 010000    LXI B, 0000H
 900E           LBL2:
 900E 39        DAD SP
 900F D21390    JNC LBL
 9012 03        INX B
 9013           LBL:
 9013 1B        DCX D
 9014 7B        MOV A, E
 9015 B2        ORA D
 9016 C20E90    JNZ LBL2
 9019 220089    SHLD 8900h
 901C 69        MOV L, C
 901D 60        MOV H, B
 901E 220289    SHLD 8902h
                
 9021 EF        RST 5
 9022           	END
0007  A                    0000  B                    0001  C             
0002  D                    0003  E                    0004  H             
0005  L                    9013  LBL                  900E  LBL2          
0006  M                    
